# JRE version: Java(TM) SE Runtime Environment (7.0_45-b18) (build 1.7.0_45-b18)
# Java VM: Java HotSpot(TM) 64-Bit Server VM (24.45-b08 mixed mode bsd-amd64 compressed oops)
Heap
 PSYoungGen      total 76800K, used 45108K [0x00000007aaa80000, 0x00000007b0000000, 0x0000000800000000)
  eden space 66048K, 53% used [0x00000007aaa80000,0x00000007accce510,0x00000007aeb00000)
  from space 10752K, 92% used [0x00000007af580000,0x00000007aff3ecf0,0x00000007b0000000)
  to   space 10752K, 0% used [0x00000007aeb00000,0x00000007aeb00000,0x00000007af580000)
 ParOldGen       total 174592K, used 8K [0x0000000700000000, 0x000000070aa80000, 0x00000007aaa80000)
  object space 174592K, 0% used [0x0000000700000000,0x0000000700002000,0x000000070aa80000)
 PSPermGen       total 21504K, used 9418K [0x00000006fae00000, 0x00000006fc300000, 0x0000000700000000)
  object space 21504K, 43% used [0x00000006fae00000,0x00000006fb7329e0,0x00000006fc300000)
GC Heap History (8 events):
Event: 12.829 GC heap before
{Heap before GC invocations=1 (full 0):
 PSYoungGen      total 76800K, used 66048K [0x00000007aaa80000, 0x00000007b0000000, 0x0000000800000000)
  eden space 66048K, 100% used [0x00000007aaa80000,0x00000007aeb00000,0x00000007aeb00000)
  from space 10752K, 0% used [0x00000007af580000,0x00000007af580000,0x00000007b0000000)
  to   space 10752K, 0% used [0x00000007aeb00000,0x00000007aeb00000,0x00000007af580000)
 ParOldGen       total 174592K, used 0K [0x0000000700000000, 0x000000070aa80000, 0x00000007aaa80000)
  object space 174592K, 0% used [0x0000000700000000,0x0000000700000000,0x000000070aa80000)
 PSPermGen       total 21504K, used 9398K [0x00000006fae00000, 0x00000006fc300000, 0x0000000700000000)
  object space 21504K, 43% used [0x00000006fae00000,0x00000006fb72da38,0x00000006fc300000)
Event: 12.836 GC heap after
Heap after GC invocations=1 (full 0):
 PSYoungGen      total 76800K, used 10139K [0x00000007aaa80000, 0x00000007b0000000, 0x0000000800000000)
  eden space 66048K, 0% used [0x00000007aaa80000,0x00000007aaa80000,0x00000007aeb00000)
  from space 10752K, 94% used [0x00000007aeb00000,0x00000007af4e6cf0,0x00000007af580000)
  to   space 10752K, 0% used [0x00000007af580000,0x00000007af580000,0x00000007b0000000)
 ParOldGen       total 174592K, used 8K [0x0000000700000000, 0x000000070aa80000, 0x00000007aaa80000)
  object space 174592K, 0% used [0x0000000700000000,0x0000000700002000,0x000000070aa80000)
 PSPermGen       total 21504K, used 9398K [0x00000006fae00000, 0x00000006fc300000, 0x0000000700000000)
  object space 21504K, 43% used [0x00000006fae00000,0x00000006fb72da38,0x00000006fc300000)
}
Event: 23.609 GC heap before
{Heap before GC invocations=2 (full 0):
 PSYoungGen      total 76800K, used 76187K [0x00000007aaa80000, 0x00000007b0000000, 0x0000000800000000)
  eden space 66048K, 100% used [0x00000007aaa80000,0x00000007aeb00000,0x00000007aeb00000)
  from space 10752K, 94% used [0x00000007aeb00000,0x00000007af4e6cf0,0x00000007af580000)
  to   space 10752K, 0% used [0x00000007af580000,0x00000007af580000,0x00000007b0000000)
 ParOldGen       total 174592K, used 8K [0x0000000700000000, 0x000000070aa80000, 0x00000007aaa80000)
  object space 174592K, 0% used [0x0000000700000000,0x0000000700002000,0x000000070aa80000)
 PSPermGen       total 21504K, used 9405K [0x00000006fae00000, 0x00000006fc300000, 0x0000000700000000)
  object space 21504K, 43% used [0x00000006fae00000,0x00000006fb72f560,0x00000006fc300000)
Event: 23.615 GC heap after
Heap after GC invocations=2 (full 0):
 PSYoungGen      total 76800K, used 9963K [0x00000007aaa80000, 0x00000007b0000000, 0x0000000800000000)
  eden space 66048K, 0% used [0x00000007aaa80000,0x00000007aaa80000,0x00000007aeb00000)
  from space 10752K, 92% used [0x00000007af580000,0x00000007aff3ace0,0x00000007b0000000)
  to   space 10752K, 0% used [0x00000007aeb00000,0x00000007aeb00000,0x00000007af580000)
 ParOldGen       total 174592K, used 8K [0x0000000700000000, 0x000000070aa80000, 0x00000007aaa80000)
  object space 174592K, 0% used [0x0000000700000000,0x0000000700002000,0x000000070aa80000)
 PSPermGen       total 21504K, used 9405K [0x00000006fae00000, 0x00000006fc300000, 0x0000000700000000)
  object space 21504K, 43% used [0x00000006fae00000,0x00000006fb72f560,0x00000006fc300000)
}
Event: 37.065 GC heap before
{Heap before GC invocations=3 (full 0):
 PSYoungGen      total 76800K, used 76011K [0x00000007aaa80000, 0x00000007b0000000, 0x0000000800000000)
  eden space 66048K, 100% used [0x00000007aaa80000,0x00000007aeb00000,0x00000007aeb00000)
  from space 10752K, 92% used [0x00000007af580000,0x00000007aff3ace0,0x00000007b0000000)
  to   space 10752K, 0% used [0x00000007aeb00000,0x00000007aeb00000,0x00000007af580000)
 ParOldGen       total 174592K, used 8K [0x0000000700000000, 0x000000070aa80000, 0x00000007aaa80000)
  object space 174592K, 0% used [0x0000000700000000,0x0000000700002000,0x000000070aa80000)
 PSPermGen       total 21504K, used 9412K [0x00000006fae00000, 0x00000006fc300000, 0x0000000700000000)
  object space 21504K, 43% used [0x00000006fae00000,0x00000006fb7311b8,0x00000006fc300000)
Event: 37.068 GC heap after
Heap after GC invocations=3 (full 0):
 PSYoungGen      total 76800K, used 9947K [0x00000007aaa80000, 0x00000007b0000000, 0x0000000800000000)
  eden space 66048K, 0% used [0x00000007aaa80000,0x00000007aaa80000,0x00000007aeb00000)
  from space 10752K, 92% used [0x00000007aeb00000,0x00000007af4b6cf0,0x00000007af580000)
  to   space 10752K, 0% used [0x00000007af580000,0x00000007af580000,0x00000007b0000000)
 ParOldGen       total 174592K, used 8K [0x0000000700000000, 0x000000070aa80000, 0x00000007aaa80000)
  object space 174592K, 0% used [0x0000000700000000,0x0000000700002000,0x000000070aa80000)
 PSPermGen       total 21504K, used 9412K [0x00000006fae00000, 0x00000006fc300000, 0x0000000700000000)
  object space 21504K, 43% used [0x00000006fae00000,0x00000006fb7311b8,0x00000006fc300000)
}
Event: 51.378 GC heap before
{Heap before GC invocations=4 (full 0):
 PSYoungGen      total 76800K, used 75995K [0x00000007aaa80000, 0x00000007b0000000, 0x0000000800000000)
  eden space 66048K, 100% used [0x00000007aaa80000,0x00000007aeb00000,0x00000007aeb00000)
  from space 10752K, 92% used [0x00000007aeb00000,0x00000007af4b6cf0,0x00000007af580000)
  to   space 10752K, 0% used [0x00000007af580000,0x00000007af580000,0x00000007b0000000)
 ParOldGen       total 174592K, used 8K [0x0000000700000000, 0x000000070aa80000, 0x00000007aaa80000)
  object space 174592K, 0% used [0x0000000700000000,0x0000000700002000,0x000000070aa80000)
 PSPermGen       total 21504K, used 9416K [0x00000006fae00000, 0x00000006fc300000, 0x0000000700000000)
  object space 21504K, 43% used [0x00000006fae00000,0x00000006fb7321d8,0x00000006fc300000)
Event: 51.381 GC heap after
Heap after GC invocations=4 (full 0):
 PSYoungGen      total 76800K, used 9979K [0x00000007aaa80000, 0x00000007b0000000, 0x0000000800000000)
  eden space 66048K, 0% used [0x00000007aaa80000,0x00000007aaa80000,0x00000007aeb00000)
  from space 10752K, 92% used [0x00000007af580000,0x00000007aff3ecf0,0x00000007b0000000)
  to   space 10752K, 0% used [0x00000007aeb00000,0x00000007aeb00000,0x00000007af580000)
 ParOldGen       total 174592K, used 8K [0x0000000700000000, 0x000000070aa80000, 0x00000007aaa80000)
  object space 174592K, 0% used [0x0000000700000000,0x0000000700002000,0x000000070aa80000)
 PSPermGen       total 21504K, used 9416K [0x00000006fae00000, 0x00000006fc300000, 0x0000000700000000)
  object space 21504K, 43% used [0x00000006fae00000,0x00000006fb7321d8,0x00000006fc300000)
}

